[debug] [2018-12-04T04:51:20.993Z] ----------------------------------------------------------------------
[debug] [2018-12-04T04:51:20.996Z] Command:       C:\Program Files\nodejs\node.exe C:\Users\walla\AppData\Roaming\npm\node_modules\firebase-tools\lib\bin\firebase.js deploy
[debug] [2018-12-04T04:51:20.996Z] CLI Version:   6.1.1
[debug] [2018-12-04T04:51:20.996Z] Platform:      win32
[debug] [2018-12-04T04:51:20.996Z] Node Version:  v8.11.3
[debug] [2018-12-04T04:51:20.997Z] Time:          Mon Dec 03 2018 23:51:20 GMT-0500 (Hora est. Pacífico, Sudamérica)
[debug] [2018-12-04T04:51:20.997Z] ----------------------------------------------------------------------
[debug] 
[debug] [2018-12-04T04:51:21.024Z] > command requires scopes: ["email","openid","https://www.googleapis.com/auth/cloudplatformprojects.readonly","https://www.googleapis.com/auth/firebase","https://www.googleapis.com/auth/cloud-platform"]
[debug] [2018-12-04T04:51:21.025Z] > authorizing via signed-in user
[debug] [2018-12-04T04:51:21.025Z] [iam] checking project tokpetsapp for permissions ["cloudfunctions.functions.create","cloudfunctions.functions.delete","cloudfunctions.functions.get","cloudfunctions.functions.list","cloudfunctions.functions.update","cloudfunctions.operations.get","datastore.indexes.create","datastore.indexes.delete","datastore.indexes.list","datastore.indexes.update","firebase.projects.get","firebasedatabase.instances.update","firebasehosting.sites.update","firebaserules.releases.create","firebaserules.releases.update","firebaserules.rulesets.create"]
[debug] [2018-12-04T04:51:21.028Z] > refreshing access token with scopes: ["email","https://www.googleapis.com/auth/cloud-platform","https://www.googleapis.com/auth/cloudplatformprojects.readonly","https://www.googleapis.com/auth/firebase","openid"]
[debug] [2018-12-04T04:51:21.028Z] >>> HTTP REQUEST POST https://www.googleapis.com/oauth2/v3/token  
 <request body omitted>
[debug] [2018-12-04T04:51:44.660Z] <<< HTTP RESPONSE 200
[debug] [2018-12-04T04:51:44.669Z] >>> HTTP REQUEST POST https://cloudresourcemanager.googleapis.com/v1/projects/tokpetsapp:testIamPermissions  

[debug] [2018-12-04T04:52:22.925Z] Error: socket hang up
    at TLSSocket.onHangUp (_tls_wrap.js:1137:19)
    at Object.onceWrapper (events.js:313:30)
    at emitNone (events.js:111:20)
    at TLSSocket.emit (events.js:208:7)
    at endReadableNT (_stream_readable.js:1064:12)
    at _combinedTickCallback (internal/process/next_tick.js:138:11)
    at process._tickDomainCallback (internal/process/next_tick.js:218:9)
[error] 
[error] Error: Server Error. socket hang up
